<?xml version="1.0" encoding="UTF-8"?>
<testsuite xmlns:xsi="http://www.w3.org/2001/XMLSchema-instance" xsi:noNamespaceSchemaLocation="https://maven.apache.org/surefire/maven-surefire-plugin/xsd/surefire-test-report-3.0.xsd" version="3.0" name="com.example.demo.DemoApplicationTests" time="2.472" tests="1" errors="0" skipped="0" failures="0">
  <properties>
[...]
</properties>
  <testcase name="contextLoads" classname="com.example.demo.DemoApplicationTests" time="0.463">
    <system-out><![CDATA[11:16:46.606 [main] INFO org.springframework.test.context.support.AnnotationConfigContextLoaderUtils -- Could not detect default configuration classes for test class [com.example.demo.DemoApplicationTests]: DemoApplicationTests does not declare any static, non-private, non-final, nested classes annotated with @Configuration.
11:16:46.664 [main] INFO org.springframework.boot.test.context.SpringBootTestContextBootstrapper -- Found @SpringBootConfiguration com.example.demo.DemoApplication for test class com.example.demo.DemoApplicationTests

  .   ____          _            __ _ _
 /\\ / ___'_ __ _ _(_)_ __  __ _ \ \ \ \
( ( )\___ | '_ | '_| | '_ \/ _` | \ \ \ \
 \\/  ___)| |_)| | | | | || (_| |  ) ) ) )
  '  |____| .__|_| |_|_| |_\__, | / / / /
 =========|_|==============|___/=/_/_/_/

 :: Spring Boot ::                (v3.3.5)

2024-10-27T11:16:46.903-04:00  INFO 25060 --- [           main] com.example.demo.DemoApplicationTests    : Starting DemoApplicationTests using Java 22.0.2 with PID 25060 (started by niti in /Users/niti/Documents/GitHub/takehome-jpm-oct27)
2024-10-27T11:16:46.903-04:00  INFO 25060 --- [           main] com.example.demo.DemoApplicationTests    : No active profile set, falling back to 1 default profile: "default"
2024-10-27T11:16:47.195-04:00  INFO 25060 --- [           main] .s.d.r.c.RepositoryConfigurationDelegate : Bootstrapping Spring Data Reactive Cassandra repositories in DEFAULT mode.
2024-10-27T11:16:47.210-04:00  INFO 25060 --- [           main] .s.d.r.c.RepositoryConfigurationDelegate : Finished Spring Data repository scanning in 12 ms. Found 0 Reactive Cassandra repository interfaces.
2024-10-27T11:16:47.214-04:00  INFO 25060 --- [           main] .s.d.r.c.RepositoryConfigurationDelegate : Bootstrapping Spring Data Cassandra repositories in DEFAULT mode.
2024-10-27T11:16:47.222-04:00  INFO 25060 --- [           main] .s.d.r.c.RepositoryConfigurationDelegate : Finished Spring Data repository scanning in 7 ms. Found 1 Cassandra repository interface.
2024-10-27T11:16:47.495-04:00  INFO 25060 --- [           main] c.d.o.d.i.core.DefaultMavenCoordinates   : Apache Cassandra Java Driver (org.apache.cassandra:java-driver-core) version 4.18.1
2024-10-27T11:16:47.548-04:00  INFO 25060 --- [           main] c.d.o.d.i.c.c.CqlPrepareAsyncProcessor   : Adding handler to invalidate cached prepared statements on type changes
2024-10-27T11:16:47.882-04:00  INFO 25060 --- [     s0-admin-0] c.d.oss.driver.internal.core.time.Clock  : Using native clock for microsecond precision
2024-10-27T11:16:48.088-04:00  INFO 25060 --- [           main] o.s.d.c.config.CqlSessionFactoryBean     : Executing CQL [CREATE KEYSPACE IF NOT EXISTS my_keyspace_1234 WITH durable_writes = true AND replication = { 'class' : 'SimpleStrategy', 'replication_factor' : 1 };]
2024-10-27T11:16:48.099-04:00  INFO 25060 --- [           main] c.d.o.d.i.c.c.CqlPrepareAsyncProcessor   : Adding handler to invalidate cached prepared statements on type changes
2024-10-27T11:16:48.099-04:00  INFO 25060 --- [     s1-admin-0] c.d.oss.driver.internal.core.time.Clock  : Using native clock for microsecond precision
2024-10-27T11:16:48.509-04:00  INFO 25060 --- [           main] com.example.demo.DemoApplicationTests    : Started DemoApplicationTests in 1.78 seconds (process running for 2.268)
]]></system-out>
    <system-err><![CDATA[WARNING: A Java agent has been loaded dynamically (/Users/niti/.m2/repository/net/bytebuddy/byte-buddy-agent/1.14.19/byte-buddy-agent-1.14.19.jar)
WARNING: If a serviceability tool is in use, please run with -XX:+EnableDynamicAgentLoading to hide this warning
WARNING: If a serviceability tool is not in use, please run with -Djdk.instrument.traceUsage for more information
WARNING: Dynamic loading of agents will be disallowed by default in a future release
]]></system-err>
  </testcase>
</testsuite>